[2026-02-01 12:04:35] HELP used by niyo0487 (918411532201771058)
[2026-02-01 12:05:00] NOTICE_SEND by niyo0487 → #👋│welcome | 1467490920969539635
[2026-02-01 12:05:34] NOTICE_EDIT by niyo0487 → 1467490920969539635
[2026-02-01 12:11:49] NOTICE_EDIT by niyo0487 → 1467490920969539635
[2026-02-01 12:17:15] HELP used by niyo0487 (918411532201771058)
[2026-02-01 12:19:42] PURGE by niyo0487 → #💬│general-chat | 25 messages
[2026-02-01 12:20:11] PURGE by niyo0487 → #💬│general-chat | 9 messages
[2026-02-01 12:22:47] HELP used by niyo0487 (918411532201771058)
[2026-02-01 12:23:02] HELP used by niyo0487 (918411532201771058)
[2026-02-01 12:34:39] HELP used by niyo0487 (918411532201771058)
[2026-02-01 12:35:06] HELP used by niyo0487 (918411532201771058)
[2026-02-01 12:35:37] HELP used by niyo0487 (918411532201771058)
[2026-02-01 12:36:47] PURGE_ALL by niyo0487 → #💬│general-chat | 7 messages
[2026-02-01 12:41:44] HELP used by niyo0487 (918411532201771058)
[2026-02-01 12:42:04] HELP used by niyo0487 (918411532201771058)
[2026-02-01 12:50:38] HELP used by niyo0487 (918411532201771058)
[2026-02-01 13:03:16] EXIT
[2026-02-01 13:08:07] NOTICE_SEND by niyo0487 → 1467506803037306901
[2026-02-01 13:08:35] NOTICE_EDIT by niyo0487 → 1467506803037306901
[2026-02-01 13:10:20] PURGE all 2
[2026-02-01 13:10:33] PURGE bot 0
[2026-02-01 13:13:53] NOTICE_EDIT by niyo0487 → 1467490920969539635
[2026-02-01 13:20:00] PURGE all 1
[2026-02-01 13:38:10] PURGE all 7
[2026-02-01 13:40:59] NOTICE_SEND by niyo0487 → 1467515073349288028
[2026-02-01 15:19:09] PURGE all 100
[2026-02-01 15:19:21] PURGE all 36
[2026-02-02 04:13:04] PURGE all 1
[2026-02-02 04:18:07] NOTICE_SEND by niyo0487 → 1467735813168173087
[2026-02-02 04:18:27] PURGE all 1
[2026-02-02 04:18:32] PURGE all 5
[2026-02-02 04:18:38] PURGE all 2
[2026-02-02 04:18:42] PURGE all 1
[2026-02-02 04:18:45] PURGE all 1
[2026-02-02 04:19:03] PURGE all 64
[2026-02-02 04:19:41] PURGE all 5
[2026-02-02 04:19:45] PURGE all 1
[2026-02-02 04:19:47] PURGE all 9
[2026-02-02 04:19:50] PURGE all 6
[2026-02-02 04:19:54] PURGE all 4
[2026-02-02 04:20:09] PURGE all 57
[2026-02-02 05:25:15] PURGE all 1
[2026-02-02 05:25:18] PURGE all 3
[2026-02-02 07:01:24] NOTICE_SEND by niyo0487 → 1467776905813033030
[2026-02-02 07:05:12] NOTICE_EDIT by niyo0487 → 1467776905813033030
[2026-02-02 07:08:29] NOTICE_SEND by niyo0487 → 1467778686060068894
[2026-02-02 07:11:10] NOTICE_SEND by niyo0487 → 1467779359363301451
[2026-02-02 07:13:51] NOTICE_SEND by niyo0487 → 1467780038710526138
[2026-02-02 07:15:24] NOTICE_SEND by niyo0487 → 1467780425656303740
[2026-02-02 07:16:44] PURGE all 1
[REFRESH_NOTICE] niyo0487 → 1467778686060068894
[REFRESH_NOTICE] niyo0487 → 1467776905813033030
[2026-02-02 09:37:53] NOTICE_EDIT by niyo0487 → 1467776905813033030
[REFRESH_NOTICE] niyo0487 → 1467776905813033030
[2026-02-02 13:40:35] PURGE all 9
[2026-02-02 14:36:49] PURGE all 3
[REFRESH_NOTICE] niyo0487 → 1467776905813033030
[2026-02-02 17:29:21] NOTICE_SEND by niyo0487 → 1467934932272943400
[2026-02-02 17:32:43] NOTICE_EDIT by niyo0487 → 1467934932272943400
[2026-02-02 18:33:02] PURGE all 22
[2026-02-02 18:50:47] PURGE all 2
[REFRESH_NOTICE] niyo0487 → 1467934932272943400
[REFRESH_NOTICE] niyo0487 → 1467776905813033030
[REFRESH_NOTICE] niyo0487 → 1467934932272943400
[REFRESH_NOTICE] niyo0487 → 1467776905813033030
[2026-02-02 19:21:35] NOTICE_SEND by niyo0487 → 1467963175604457553
[2026-02-02 19:22:18] PURGE all 2
[2026-02-19 04:50:38] EXIT
[2026-02-19 04:58:58] NOTICE_SEND by niyo0487 → 1473906686967419004
